<?xml version="1.0" encoding="UTF-8"?>
<testng-results ignored="0" total="1" passed="1" failed="0" skipped="0">
  <reporter-output>
  </reporter-output>
  <suite started-at="2025-02-23T13:05:38 PKT" name="SanitySuite" finished-at="2025-02-23T13:05:43 PKT" duration-ms="5057">
    <groups>
    </groups>
    <test started-at="2025-02-23T13:05:38 PKT" name="CreateEventAndGetEvents" finished-at="2025-02-23T13:05:43 PKT" duration-ms="5057">
      <class name="org.petsFirst.api.post.LogoutAPI">
        <test-method signature="testLogout()[pri:0, instance:org.petsFirst.api.post.LogoutAPI@ca30bc1]" started-at="2025-02-23T13:05:38 PKT" name="testLogout" description="Logout: Verify logout funtionality" finished-at="2025-02-23T13:05:43 PKT" duration-ms="4988" status="PASS">
          <reporter-output>
          </reporter-output>
        </test-method> <!-- testLogout -->
      </class> <!-- org.petsFirst.api.post.LogoutAPI -->
    </test> <!-- CreateEventAndGetEvents -->
  </suite> <!-- SanitySuite -->
</testng-results>
